<html>
<head>
<title>TestNG:  Test</title>
<link href="../testng.css" rel="stylesheet" type="text/css" />
<link href="../my-testng.css" rel="stylesheet" type="text/css" />

<style type="text/css">
.log { display: none;} 
.stack-trace { display: none;} 
</style>
<script type="text/javascript">
<!--
function flip(e) {
  current = e.style.display;
  if (current == 'block') {
    e.style.display = 'none';
    return 0;
  }
  else {
    e.style.display = 'block';
    return 1;
  }
}

function toggleBox(szDivId, elem, msg1, msg2)
{
  var res = -1;  if (document.getElementById) {
    res = flip(document.getElementById(szDivId));
  }
  else if (document.all) {
    // this is the way old msie versions work
    res = flip(document.all[szDivId]);
  }
  if(elem) {
    if(res == 0) elem.innerHTML = msg1; else elem.innerHTML = msg2;
  }

}

function toggleAllBoxes() {
  if (document.getElementsByTagName) {
    d = document.getElementsByTagName('div');
    for (i = 0; i < d.length; i++) {
      if (d[i].className == 'log') {
        flip(d[i]);
      }
    }
  }
}

// -->
</script>

</head>
<body>
<h2 align='center'>Test</h2><table border='1' align="center">
<tr>
<td>Tests passed/Failed/Skipped:</td><td>21/1/0</td>
</tr><tr>
<td>Started on:</td><td>Fri Mar 15 23:57:41 MSK 2019</td>
</tr>
<tr><td>Total time:</td><td>0 seconds (157 ms)</td>
</tr><tr>
<td>Included groups:</td><td></td>
</tr><tr>
<td>Excluded groups:</td><td></td>
</tr>
</table><p/>
<small><i>(Hover the method name to see the test class name)</i></small><p/>
<table width='100%' border='1' class='invocation-failed'>
<tr><td colspan='4' align='center'><b>FAILED TESTS</b></td></tr>
<tr><td><b>Test method</b></td>
<td width="30%"><b>Exception</b></td>
<td width="10%"><b>Time (seconds)</b></td>
<td><b>Instance</b></td>
</tr>
<tr>
<td title='NewTest5.test5()'><b>test5</b><br>Test class: NewTest5</td>
<td><div><pre>java.lang.AssertionError: expected [4] but found [5]
	at NewTest5.test5(NewTest5.java:58)
... Removed 31 stack frames</pre></div><a href='#' onClick='toggleBox("stack-trace621449265", this, "Click to show all stack frames", "Click to hide stack frames")'>Click to show all stack frames</a>
<div class='stack-trace' id='stack-trace621449265'><pre>java.lang.AssertionError: expected [4] but found [5]
	at org.testng.Assert.fail(Assert.java:96)
	at org.testng.Assert.failNotEquals(Assert.java:776)
	at org.testng.Assert.assertEqualsImpl(Assert.java:137)
	at org.testng.Assert.assertEquals(Assert.java:118)
	at org.testng.Assert.assertEquals(Assert.java:652)
	at org.testng.Assert.assertEquals(Assert.java:662)
	at NewTest5.test5(NewTest5.java:58)
	at sun.reflect.NativeMethodAccessorImpl.invoke0(Native Method)
	at sun.reflect.NativeMethodAccessorImpl.invoke(NativeMethodAccessorImpl.java:62)
	at sun.reflect.DelegatingMethodAccessorImpl.invoke(DelegatingMethodAccessorImpl.java:43)
	at java.lang.reflect.Method.invoke(Method.java:498)
	at org.testng.internal.MethodInvocationHelper.invokeMethod(MethodInvocationHelper.java:124)
	at org.testng.internal.Invoker.invokeMethod(Invoker.java:583)
	at org.testng.internal.Invoker.invokeTestMethod(Invoker.java:719)
	at org.testng.internal.Invoker.invokeTestMethods(Invoker.java:989)
	at org.testng.internal.TestMethodWorker.invokeTestMethods(TestMethodWorker.java:125)
	at org.testng.internal.TestMethodWorker.run(TestMethodWorker.java:109)
	at org.testng.TestRunner.privateRun(TestRunner.java:648)
	at org.testng.TestRunner.run(TestRunner.java:505)
	at org.testng.SuiteRunner.runTest(SuiteRunner.java:455)
	at org.testng.SuiteRunner.runSequentially(SuiteRunner.java:450)
	at org.testng.SuiteRunner.privateRun(SuiteRunner.java:415)
	at org.testng.SuiteRunner.run(SuiteRunner.java:364)
	at org.testng.SuiteRunnerWorker.runSuite(SuiteRunnerWorker.java:52)
	at org.testng.SuiteRunnerWorker.run(SuiteRunnerWorker.java:84)
	at org.testng.TestNG.runSuitesSequentially(TestNG.java:1208)
	at org.testng.TestNG.runSuitesLocally(TestNG.java:1137)
	at org.testng.TestNG.runSuites(TestNG.java:1049)
	at org.testng.TestNG.run(TestNG.java:1017)
	at org.testng.remote.AbstractRemoteTestNG.run(AbstractRemoteTestNG.java:115)
	at org.testng.remote.RemoteTestNG.initAndRun(RemoteTestNG.java:251)
	at org.testng.remote.RemoteTestNG.main(RemoteTestNG.java:77)
</pre></div></td>
<td>0</td>
<td>NewTest5@2e6f610d</td></tr>
</table><p>
<table width='100%' border='1' class='invocation-passed'>
<tr><td colspan='4' align='center'><b>PASSED TESTS</b></td></tr>
<tr><td><b>Test method</b></td>
<td width="30%"><b>Exception</b></td>
<td width="10%"><b>Time (seconds)</b></td>
<td><b>Instance</b></td>
</tr>
<tr>
<td title='NewTest1.test1()'><b>test1</b><br>Test class: NewTest1</td>
<td></td>
<td>0</td>
<td>NewTest1@5ba26eb0</td></tr>
<tr>
<td title='NewTest10.test1()'><b>test1</b><br>Test class: NewTest10</td>
<td></td>
<td>0</td>
<td>NewTest10@a2ddf26</td></tr>
<tr>
<td title='NewTest11.test11()'><b>test11</b><br>Test class: NewTest11</td>
<td></td>
<td>0</td>
<td>NewTest11@65d57e4e</td></tr>
<tr>
<td title='NewTest12.test12()'><b>test12</b><br>Test class: NewTest12</td>
<td></td>
<td>0</td>
<td>NewTest12@6daf7d37</td></tr>
<tr>
<td title='NewTest13.test13()'><b>test13</b><br>Test class: NewTest13</td>
<td></td>
<td>0</td>
<td>NewTest13@23a5818e</td></tr>
<tr>
<td title='NewTest14.test14()'><b>test14</b><br>Test class: NewTest14</td>
<td></td>
<td>0</td>
<td>NewTest14@4715ae33</td></tr>
<tr>
<td title='NewTest15.test15()'><b>test15</b><br>Test class: NewTest15</td>
<td></td>
<td>0</td>
<td>NewTest15@9fc9f91</td></tr>
<tr>
<td title='NewTest16.test16()'><b>test16</b><br>Test class: NewTest16</td>
<td><div><pre>java.lang.ArithmeticException: / by zero
	at core.Massive.devideBy(Massive.java:45)
	at NewTest16.test16(NewTest16.java:58)
... Removed 25 stack frames</pre></div><a href='#' onClick='toggleBox("stack-trace1614238", this, "Click to show all stack frames", "Click to hide stack frames")'>Click to show all stack frames</a>
<div class='stack-trace' id='stack-trace1614238'><pre>java.lang.ArithmeticException: / by zero
	at core.Massive.devideBy(Massive.java:45)
	at NewTest16.test16(NewTest16.java:58)
	at sun.reflect.NativeMethodAccessorImpl.invoke0(Native Method)
	at sun.reflect.NativeMethodAccessorImpl.invoke(NativeMethodAccessorImpl.java:62)
	at sun.reflect.DelegatingMethodAccessorImpl.invoke(DelegatingMethodAccessorImpl.java:43)
	at java.lang.reflect.Method.invoke(Method.java:498)
	at org.testng.internal.MethodInvocationHelper.invokeMethod(MethodInvocationHelper.java:124)
	at org.testng.internal.Invoker.invokeMethod(Invoker.java:583)
	at org.testng.internal.Invoker.invokeTestMethod(Invoker.java:719)
	at org.testng.internal.Invoker.invokeTestMethods(Invoker.java:989)
	at org.testng.internal.TestMethodWorker.invokeTestMethods(TestMethodWorker.java:125)
	at org.testng.internal.TestMethodWorker.run(TestMethodWorker.java:109)
	at org.testng.TestRunner.privateRun(TestRunner.java:648)
	at org.testng.TestRunner.run(TestRunner.java:505)
	at org.testng.SuiteRunner.runTest(SuiteRunner.java:455)
	at org.testng.SuiteRunner.runSequentially(SuiteRunner.java:450)
	at org.testng.SuiteRunner.privateRun(SuiteRunner.java:415)
	at org.testng.SuiteRunner.run(SuiteRunner.java:364)
	at org.testng.SuiteRunnerWorker.runSuite(SuiteRunnerWorker.java:52)
	at org.testng.SuiteRunnerWorker.run(SuiteRunnerWorker.java:84)
	at org.testng.TestNG.runSuitesSequentially(TestNG.java:1208)
	at org.testng.TestNG.runSuitesLocally(TestNG.java:1137)
	at org.testng.TestNG.runSuites(TestNG.java:1049)
	at org.testng.TestNG.run(TestNG.java:1017)
	at org.testng.remote.AbstractRemoteTestNG.run(AbstractRemoteTestNG.java:115)
	at org.testng.remote.RemoteTestNG.initAndRun(RemoteTestNG.java:251)
	at org.testng.remote.RemoteTestNG.main(RemoteTestNG.java:77)
</pre></div></td>
<td>0</td>
<td>NewTest16@1fac1d5c</td></tr>
<tr>
<td title='NewTest18.test18()'><b>test18</b><br>Test class: NewTest18</td>
<td></td>
<td>0</td>
<td>NewTest18@7a8406c2</td></tr>
<tr>
<td title='NewTest19.test19()'><b>test19</b><br>Test class: NewTest19</td>
<td></td>
<td>0</td>
<td>NewTest19@17690e14</td></tr>
<tr>
<td title='NewTest20.test20()'><b>test20</b><br>Test class: NewTest20</td>
<td></td>
<td>0</td>
<td>NewTest20@6850b758</td></tr>
<tr>
<td title='NewTest21.test21()'><b>test21</b><br>Test class: NewTest21</td>
<td></td>
<td>0</td>
<td>NewTest21@2a2ef072</td></tr>
<tr>
<td title='NewTest22.test22()'><b>test22</b><br>Test class: NewTest22</td>
<td></td>
<td>0</td>
<td>NewTest22@704641e3</td></tr>
<tr>
<td title='NewTest23.test23()'><b>test23</b><br>Test class: NewTest23</td>
<td></td>
<td>0</td>
<td>NewTest23@2f00f851</td></tr>
<tr>
<td title='NewTest24.test24()'><b>test24</b><br>Test class: NewTest24</td>
<td></td>
<td>0</td>
<td>NewTest24@4207609e</td></tr>
<tr>
<td title='NewTest25.test25()'><b>test25</b><br>Test class: NewTest25</td>
<td></td>
<td>0</td>
<td>NewTest25@1f77b5cc</td></tr>
<tr>
<td title='NewTest3.test3()'><b>test3</b><br>Test class: NewTest3</td>
<td></td>
<td>0</td>
<td>NewTest3@17d32e9b</td></tr>
<tr>
<td title='NewTest6.test6()'><b>test6</b><br>Test class: NewTest6</td>
<td></td>
<td>0</td>
<td>NewTest6@1e86a5a7</td></tr>
<tr>
<td title='NewTest7.test7()'><b>test7</b><br>Test class: NewTest7</td>
<td></td>
<td>0</td>
<td>NewTest7@10afe71a</td></tr>
<tr>
<td title='NewTest8.test8()'><b>test8</b><br>Test class: NewTest8</td>
<td></td>
<td>0</td>
<td>NewTest8@741f8dbe</td></tr>
<tr>
<td title='NewTest9.test9()'><b>test9</b><br>Test class: NewTest9</td>
<td></td>
<td>0</td>
<td>NewTest9@212dfd39</td></tr>
</table><p>
</body>
</html>